  Main.cpp
C:\Users\Alumno\Documents\GitHub\Engine_Motores\ENGINE\code\headers\Memory_Pool.h(197,13): error C2143: error de sintaxis: falta ';' delante de '&'
C:\Users\Alumno\Documents\GitHub\Engine_Motores\ENGINE\code\headers\Memory_Pool.h(197,13): error C4430: falta el especificador de tipo; se presupone int. Nota: C++ no admite default-int
C:\Users\Alumno\Documents\GitHub\Engine_Motores\ENGINE\code\headers\Memory_Pool.h(197,26): error C2238: símbolos (token) inesperados delante de ';'
C:\Users\Alumno\Documents\GitHub\Engine_Motores\ENGINE\code\headers\Memory_Pool.h(201,13): error C2061: error de sintaxis: identificador 'Thread_Pool'
C:\Users\Alumno\Documents\GitHub\Engine_Motores\ENGINE\code\headers\Memory_Pool.h(201,59): error C2065: 'given_thread_pool': identificador no declarado
C:\Users\Alumno\Documents\GitHub\Engine_Motores\ENGINE\code\headers\Memory_Pool.h(201,47): error C2614: 'Task_Group': inicialización de miembro no válida: 'thread_pool' no es una base o miembro
C:\Users\Alumno\Documents\GitHub\Engine_Motores\ENGINE\code\headers\Memory_Pool.h(217,4): error C2065: 'thread_pool': identificador no declarado
C:\Users\Alumno\Documents\GitHub\Engine_Motores\ENGINE\code\headers\Memory_Pool.h(315,13): error C2535: 'Thread_Pool::Thread_Pool(void)': función miembro ya definida o declarada
C:\Users\Alumno\Documents\GitHub\Engine_Motores\ENGINE\code\headers\Memory_Pool.h(247): message : vea la declaración de 'Thread_Pool::Thread_Pool'
C:\Users\Alumno\Documents\GitHub\Engine_Motores\ENGINE\code\headers\Memory_Pool.h(251,21): warning C4018: '<': no coinciden signed/unsigned
C:\Users\Alumno\Documents\GitHub\Engine_Motores\ENGINE\code\headers\Memory_Pool.h(315,18): error C2614: 'Thread_Pool': inicialización de miembro no válida: 'pool' no es una base o miembro
C:\Users\Alumno\Documents\GitHub\Engine_Motores\ENGINE\code\headers\Memory_Pool.h(317,3): error C2065: 'pool': identificador no declarado
C:\Users\Alumno\Documents\GitHub\Engine_Motores\ENGINE\code\headers\Memory_Pool.h(326,19): error C2065: 'pool': identificador no declarado
C:\Users\Alumno\Documents\GitHub\Engine_Motores\ENGINE\code\headers\Memory_Pool.h(326,19): error C2672: 'begin': no se encontró una función sobrecargada que coincida
C:\Users\Alumno\Documents\GitHub\Engine_Motores\ENGINE\code\headers\Memory_Pool.h(326,1): error C2893: No se pudo especializar la plantilla de función "unknown-type std::begin(_Container &)"
C:\Program Files (x86)\Microsoft Visual Studio\2019\Community\VC\Tools\MSVC\14.29.30133\include\xutility(1844): message : vea la declaración de 'std::begin'
C:\Users\Alumno\Documents\GitHub\Engine_Motores\ENGINE\code\headers\Memory_Pool.h(326,1): message : Con los siguientes argumentos de plantilla:
C:\Users\Alumno\Documents\GitHub\Engine_Motores\ENGINE\code\headers\Memory_Pool.h(326,1): message : '_Container=unknown-type'
C:\Users\Alumno\Documents\GitHub\Engine_Motores\ENGINE\code\headers\Memory_Pool.h(326,1): error C2784: 'const _Elem *std::begin(std::initializer_list<_Elem>) noexcept': no se pudo deducir el argumento de plantilla para 'std::initializer_list<_Elem>' desde 'unknown-type'
C:\Program Files (x86)\Microsoft Visual Studio\2019\Community\VC\Tools\MSVC\14.29.30133\include\initializer_list(55): message : vea la declaración de 'std::begin'
C:\Users\Alumno\Documents\GitHub\Engine_Motores\ENGINE\code\headers\Memory_Pool.h(326,19): error C2672: 'end': no se encontró una función sobrecargada que coincida
C:\Users\Alumno\Documents\GitHub\Engine_Motores\ENGINE\code\headers\Memory_Pool.h(326,1): error C2893: No se pudo especializar la plantilla de función "unknown-type std::end(_Container &)"
C:\Program Files (x86)\Microsoft Visual Studio\2019\Community\VC\Tools\MSVC\14.29.30133\include\xutility(1854): message : vea la declaración de 'std::end'
C:\Users\Alumno\Documents\GitHub\Engine_Motores\ENGINE\code\headers\Memory_Pool.h(326,1): message : Con los siguientes argumentos de plantilla:
C:\Users\Alumno\Documents\GitHub\Engine_Motores\ENGINE\code\headers\Memory_Pool.h(326,1): message : '_Container=unknown-type'
C:\Users\Alumno\Documents\GitHub\Engine_Motores\ENGINE\code\headers\Memory_Pool.h(326,1): error C2784: 'const _Elem *std::end(std::initializer_list<_Elem>) noexcept': no se pudo deducir el argumento de plantilla para 'std::initializer_list<_Elem>' desde 'unknown-type'
C:\Program Files (x86)\Microsoft Visual Studio\2019\Community\VC\Tools\MSVC\14.29.30133\include\initializer_list(60): message : vea la declaración de 'std::end'
C:\Users\Alumno\Documents\GitHub\Engine_Motores\ENGINE\code\headers\Memory_Pool.h(326,1): error C3536: '<begin>$L0': no se puede usar antes de inicializarse
C:\Users\Alumno\Documents\GitHub\Engine_Motores\ENGINE\code\headers\Memory_Pool.h(326,1): error C3536: '<end>$L0': no se puede usar antes de inicializarse
C:\Users\Alumno\Documents\GitHub\Engine_Motores\ENGINE\code\headers\Memory_Pool.h(326,23): error C2100: direccionamiento indirecto no válido
